[ 2019-01-28T18:29:59+08:00 ] ::1 /blog/index.php/Home/Column/index/id/10
INFO: [ app_init ] --START--
INFO: Run Behavior\BuildLiteBehavior [ RunTime:0.000000s ]
INFO: [ app_init ] --END-- [ RunTime:0.000000s ]
INFO: [ app_begin ] --START--
INFO: Run Behavior\ReadHtmlCacheBehavior [ RunTime:0.001000s ]
INFO: [ app_begin ] --END-- [ RunTime:0.001000s ]
SQL: SHOW COLUMNS FROM `blog_column` [ RunTime:0.0030s ]
SQL: SELECT * FROM `blog_column` ORDER BY sort desc  [ RunTime:0.0010s ]
SQL: SHOW COLUMNS FROM `blog_article` [ RunTime:0.0010s ]
SQL: SELECT * FROM `blog_article`  [ RunTime:0.0010s ]
SQL: SHOW COLUMNS FROM `blog_link` [ RunTime:0.0010s ]
SQL: SELECT * FROM `blog_link`  [ RunTime:0.0010s ]
SQL: SELECT COUNT(*) AS tp_count FROM `blog_article` WHERE `column_id` = 10 LIMIT 1   [ RunTime:0.0010s ]
SQL: SELECT * FROM `blog_article` WHERE `column_id` = 10 ORDER BY time desc LIMIT 0,2   [ RunTime:0.0010s ]
INFO: [ view_parse ] --START--
INFO: [ template_filter ] --START--
INFO: Run Behavior\ContentReplaceBehavior [ RunTime:0.000000s ]
INFO: [ template_filter ] --END-- [ RunTime:0.000000s ]
INFO: Run Behavior\ParseTemplateBehavior [ RunTime:0.008001s ]
INFO: [ view_parse ] --END-- [ RunTime:0.008001s ]
INFO: [ view_filter ] --START--
INFO: Run Behavior\WriteHtmlCacheBehavior [ RunTime:0.000000s ]
INFO: [ view_filter ] --END-- [ RunTime:0.001000s ]
INFO: [ app_end ] --START--
INFO: Run Behavior\ShowPageTraceBehavior [ RunTime:0.001000s ]
INFO: [ app_end ] --END-- [ RunTime:0.001000s ]

[ 2019-01-28T18:30:00+08:00 ] ::1 /blog/index.php/Home/Column/index/id/8
INFO: [ app_init ] --START--
INFO: Run Behavior\BuildLiteBehavior [ RunTime:0.000000s ]
INFO: [ app_init ] --END-- [ RunTime:0.000000s ]
INFO: [ app_begin ] --START--
INFO: Run Behavior\ReadHtmlCacheBehavior [ RunTime:0.000000s ]
INFO: [ app_begin ] --END-- [ RunTime:0.000000s ]
SQL: SHOW COLUMNS FROM `blog_column` [ RunTime:0.0010s ]
SQL: SELECT * FROM `blog_column` ORDER BY sort desc  [ RunTime:0.0010s ]
SQL: SHOW COLUMNS FROM `blog_article` [ RunTime:0.0010s ]
SQL: SELECT * FROM `blog_article`  [ RunTime:0.0010s ]
SQL: SHOW COLUMNS FROM `blog_link` [ RunTime:0.0000s ]
SQL: SELECT * FROM `blog_link`  [ RunTime:0.0000s ]
SQL: SELECT COUNT(*) AS tp_count FROM `blog_article` WHERE `column_id` = 8 LIMIT 1   [ RunTime:0.0000s ]
SQL: SELECT * FROM `blog_article` WHERE `column_id` = 8 ORDER BY time desc LIMIT 0,2   [ RunTime:0.0010s ]
INFO: [ view_parse ] --START--
INFO: [ template_filter ] --START--
INFO: Run Behavior\ContentReplaceBehavior [ RunTime:0.000000s ]
INFO: [ template_filter ] --END-- [ RunTime:0.000000s ]
INFO: Run Behavior\ParseTemplateBehavior [ RunTime:0.007000s ]
INFO: [ view_parse ] --END-- [ RunTime:0.007000s ]
INFO: [ view_filter ] --START--
INFO: Run Behavior\WriteHtmlCacheBehavior [ RunTime:0.000000s ]
INFO: [ view_filter ] --END-- [ RunTime:0.000000s ]
INFO: [ app_end ] --START--
INFO: Run Behavior\ShowPageTraceBehavior [ RunTime:0.000000s ]
INFO: [ app_end ] --END-- [ RunTime:0.000000s ]

[ 2019-01-28T18:30:00+08:00 ] ::1 /blog/index.php/Home/Column/index/id/7
INFO: [ app_init ] --START--
INFO: Run Behavior\BuildLiteBehavior [ RunTime:0.000000s ]
INFO: [ app_init ] --END-- [ RunTime:0.000000s ]
INFO: [ app_begin ] --START--
INFO: Run Behavior\ReadHtmlCacheBehavior [ RunTime:0.001000s ]
INFO: [ app_begin ] --END-- [ RunTime:0.001000s ]
SQL: SHOW COLUMNS FROM `blog_column` [ RunTime:0.0010s ]
SQL: SELECT * FROM `blog_column` ORDER BY sort desc  [ RunTime:0.0010s ]
SQL: SHOW COLUMNS FROM `blog_article` [ RunTime:0.0000s ]
SQL: SELECT * FROM `blog_article`  [ RunTime:0.0010s ]
SQL: SHOW COLUMNS FROM `blog_link` [ RunTime:0.0010s ]
SQL: SELECT * FROM `blog_link`  [ RunTime:0.0000s ]
SQL: SELECT COUNT(*) AS tp_count FROM `blog_article` WHERE `column_id` = 7 LIMIT 1   [ RunTime:0.0000s ]
SQL: SELECT * FROM `blog_article` WHERE `column_id` = 7 ORDER BY time desc LIMIT 0,2   [ RunTime:0.0010s ]
INFO: [ view_parse ] --START--
INFO: [ template_filter ] --START--
INFO: Run Behavior\ContentReplaceBehavior [ RunTime:0.000000s ]
INFO: [ template_filter ] --END-- [ RunTime:0.000000s ]
INFO: Run Behavior\ParseTemplateBehavior [ RunTime:0.007000s ]
INFO: [ view_parse ] --END-- [ RunTime:0.007000s ]
INFO: [ view_filter ] --START--
INFO: Run Behavior\WriteHtmlCacheBehavior [ RunTime:0.000000s ]
INFO: [ view_filter ] --END-- [ RunTime:0.000000s ]
INFO: [ app_end ] --START--
INFO: Run Behavior\ShowPageTraceBehavior [ RunTime:0.000000s ]
INFO: [ app_end ] --END-- [ RunTime:0.001000s ]

[ 2019-01-28T18:30:00+08:00 ] ::1 /blog/index.php/Home/Column/index/id/9
INFO: [ app_init ] --START--
INFO: Run Behavior\BuildLiteBehavior [ RunTime:0.000000s ]
INFO: [ app_init ] --END-- [ RunTime:0.000000s ]
INFO: [ app_begin ] --START--
INFO: Run Behavior\ReadHtmlCacheBehavior [ RunTime:0.001000s ]
INFO: [ app_begin ] --END-- [ RunTime:0.001000s ]
SQL: SHOW COLUMNS FROM `blog_column` [ RunTime:0.0010s ]
SQL: SELECT * FROM `blog_column` ORDER BY sort desc  [ RunTime:0.0000s ]
SQL: SHOW COLUMNS FROM `blog_article` [ RunTime:0.0010s ]
SQL: SELECT * FROM `blog_article`  [ RunTime:0.0010s ]
SQL: SHOW COLUMNS FROM `blog_link` [ RunTime:0.0010s ]
SQL: SELECT * FROM `blog_link`  [ RunTime:0.0000s ]
SQL: SELECT COUNT(*) AS tp_count FROM `blog_article` WHERE `column_id` = 9 LIMIT 1   [ RunTime:0.0000s ]
SQL: SELECT * FROM `blog_article` WHERE `column_id` = 9 ORDER BY time desc LIMIT 0,2   [ RunTime:0.0000s ]
INFO: [ view_parse ] --START--
INFO: [ template_filter ] --START--
INFO: Run Behavior\ContentReplaceBehavior [ RunTime:0.000000s ]
INFO: [ template_filter ] --END-- [ RunTime:0.000000s ]
INFO: Run Behavior\ParseTemplateBehavior [ RunTime:0.007000s ]
INFO: [ view_parse ] --END-- [ RunTime:0.007000s ]
INFO: [ view_filter ] --START--
INFO: Run Behavior\WriteHtmlCacheBehavior [ RunTime:0.001001s ]
INFO: [ view_filter ] --END-- [ RunTime:0.001001s ]
INFO: [ app_end ] --START--
INFO: Run Behavior\ShowPageTraceBehavior [ RunTime:0.000000s ]
INFO: [ app_end ] --END-- [ RunTime:0.000000s ]

[ 2019-01-28T18:30:01+08:00 ] ::1 /blog/index.php/Home/Column/index/id/1
INFO: [ app_init ] --START--
INFO: Run Behavior\BuildLiteBehavior [ RunTime:0.000000s ]
INFO: [ app_init ] --END-- [ RunTime:0.000000s ]
INFO: [ app_begin ] --START--
INFO: Run Behavior\ReadHtmlCacheBehavior [ RunTime:0.000000s ]
INFO: [ app_begin ] --END-- [ RunTime:0.000000s ]
SQL: SHOW COLUMNS FROM `blog_column` [ RunTime:0.0020s ]
SQL: SELECT * FROM `blog_column` ORDER BY sort desc  [ RunTime:0.0010s ]
SQL: SHOW COLUMNS FROM `blog_article` [ RunTime:0.0020s ]
SQL: SELECT * FROM `blog_article`  [ RunTime:0.0020s ]
SQL: SHOW COLUMNS FROM `blog_link` [ RunTime:0.0000s ]
SQL: SELECT * FROM `blog_link`  [ RunTime:0.0010s ]
SQL: SELECT COUNT(*) AS tp_count FROM `blog_article` WHERE `column_id` = 1 LIMIT 1   [ RunTime:0.0010s ]
SQL: SELECT * FROM `blog_article` WHERE `column_id` = 1 ORDER BY time desc LIMIT 0,2   [ RunTime:0.0010s ]
INFO: [ view_parse ] --START--
INFO: [ template_filter ] --START--
INFO: Run Behavior\ContentReplaceBehavior [ RunTime:0.000000s ]
INFO: [ template_filter ] --END-- [ RunTime:0.000000s ]
INFO: Run Behavior\ParseTemplateBehavior [ RunTime:0.006001s ]
INFO: [ view_parse ] --END-- [ RunTime:0.006001s ]
INFO: [ view_filter ] --START--
INFO: Run Behavior\WriteHtmlCacheBehavior [ RunTime:0.000000s ]
INFO: [ view_filter ] --END-- [ RunTime:0.000000s ]
INFO: [ app_end ] --START--
INFO: Run Behavior\ShowPageTraceBehavior [ RunTime:0.000000s ]
INFO: [ app_end ] --END-- [ RunTime:0.000000s ]

[ 2019-01-28T18:30:02+08:00 ] ::1 /blog/index.php/Home/Article/index/id/20
INFO: [ app_init ] --START--
INFO: Run Behavior\BuildLiteBehavior [ RunTime:0.000000s ]
INFO: [ app_init ] --END-- [ RunTime:0.001000s ]
INFO: [ app_begin ] --START--
INFO: Run Behavior\ReadHtmlCacheBehavior [ RunTime:0.001000s ]
INFO: [ app_begin ] --END-- [ RunTime:0.001000s ]
SQL: SHOW COLUMNS FROM `blog_column` [ RunTime:0.0010s ]
SQL: SELECT * FROM `blog_column` ORDER BY sort desc  [ RunTime:0.0000s ]
SQL: SHOW COLUMNS FROM `blog_article` [ RunTime:0.0020s ]
SQL: SELECT * FROM `blog_article`  [ RunTime:0.0010s ]
SQL: SHOW COLUMNS FROM `blog_link` [ RunTime:0.0010s ]
SQL: SELECT * FROM `blog_link`  [ RunTime:0.0000s ]
SQL: SHOW COLUMNS FROM `blog_article` [ RunTime:0.0010s ]
SQL: SHOW COLUMNS FROM `blog_column` [ RunTime:0.0000s ]
SQL: SELECT Article.id AS id,Article.title AS title,Article.desc AS article_desc,Article.pic AS pic,Article.content AS content,Article.time AS time,TheColumn.column_name AS column_name FROM blog_article Article LEFT JOIN blog_column TheColumn ON Article.column_id=TheColumn.id WHERE Article.id = '20' LIMIT 1   [ RunTime:0.0000s ]
INFO: [ view_parse ] --START--
INFO: [ template_filter ] --START--
INFO: Run Behavior\ContentReplaceBehavior [ RunTime:0.000000s ]
INFO: [ template_filter ] --END-- [ RunTime:0.000000s ]
INFO: Run Behavior\ParseTemplateBehavior [ RunTime:0.010000s ]
INFO: [ view_parse ] --END-- [ RunTime:0.010000s ]
INFO: [ view_filter ] --START--
INFO: Run Behavior\WriteHtmlCacheBehavior [ RunTime:0.000000s ]
INFO: [ view_filter ] --END-- [ RunTime:0.000000s ]
INFO: [ app_end ] --START--
INFO: Run Behavior\ShowPageTraceBehavior [ RunTime:0.001000s ]
INFO: [ app_end ] --END-- [ RunTime:0.001000s ]

[ 2019-01-28T18:30:04+08:00 ] ::1 /blog/index.php/Home/Column/index/id/9
INFO: [ app_init ] --START--
INFO: Run Behavior\BuildLiteBehavior [ RunTime:0.000000s ]
INFO: [ app_init ] --END-- [ RunTime:0.000000s ]
INFO: [ app_begin ] --START--
INFO: Run Behavior\ReadHtmlCacheBehavior [ RunTime:0.000000s ]
INFO: [ app_begin ] --END-- [ RunTime:0.000000s ]
SQL: SHOW COLUMNS FROM `blog_column` [ RunTime:0.0010s ]
SQL: SELECT * FROM `blog_column` ORDER BY sort desc  [ RunTime:0.0010s ]
SQL: SHOW COLUMNS FROM `blog_article` [ RunTime:0.0010s ]
SQL: SELECT * FROM `blog_article`  [ RunTime:0.0020s ]
SQL: SHOW COLUMNS FROM `blog_link` [ RunTime:0.0010s ]
SQL: SELECT * FROM `blog_link`  [ RunTime:0.0000s ]
SQL: SELECT COUNT(*) AS tp_count FROM `blog_article` WHERE `column_id` = 9 LIMIT 1   [ RunTime:0.0010s ]
SQL: SELECT * FROM `blog_article` WHERE `column_id` = 9 ORDER BY time desc LIMIT 0,2   [ RunTime:0.0010s ]
INFO: [ view_parse ] --START--
INFO: [ template_filter ] --START--
INFO: Run Behavior\ContentReplaceBehavior [ RunTime:0.000000s ]
INFO: [ template_filter ] --END-- [ RunTime:0.000000s ]
INFO: Run Behavior\ParseTemplateBehavior [ RunTime:0.007001s ]
INFO: [ view_parse ] --END-- [ RunTime:0.007001s ]
INFO: [ view_filter ] --START--
INFO: Run Behavior\WriteHtmlCacheBehavior [ RunTime:0.000000s ]
INFO: [ view_filter ] --END-- [ RunTime:0.000000s ]
INFO: [ app_end ] --START--
INFO: Run Behavior\ShowPageTraceBehavior [ RunTime:0.000000s ]
INFO: [ app_end ] --END-- [ RunTime:0.000000s ]

[ 2019-01-28T18:30:04+08:00 ] ::1 /blog/index.php/Home/Column/index/id/7
INFO: [ app_init ] --START--
INFO: Run Behavior\BuildLiteBehavior [ RunTime:0.000000s ]
INFO: [ app_init ] --END-- [ RunTime:0.000000s ]
INFO: [ app_begin ] --START--
INFO: Run Behavior\ReadHtmlCacheBehavior [ RunTime:0.000000s ]
INFO: [ app_begin ] --END-- [ RunTime:0.001000s ]
SQL: SHOW COLUMNS FROM `blog_column` [ RunTime:0.0010s ]
SQL: SELECT * FROM `blog_column` ORDER BY sort desc  [ RunTime:0.0010s ]
SQL: SHOW COLUMNS FROM `blog_article` [ RunTime:0.0010s ]
SQL: SELECT * FROM `blog_article`  [ RunTime:0.0010s ]
SQL: SHOW COLUMNS FROM `blog_link` [ RunTime:0.0010s ]
SQL: SELECT * FROM `blog_link`  [ RunTime:0.0010s ]
SQL: SELECT COUNT(*) AS tp_count FROM `blog_article` WHERE `column_id` = 7 LIMIT 1   [ RunTime:0.0010s ]
SQL: SELECT * FROM `blog_article` WHERE `column_id` = 7 ORDER BY time desc LIMIT 0,2   [ RunTime:0.0010s ]
INFO: [ view_parse ] --START--
INFO: [ template_filter ] --START--
INFO: Run Behavior\ContentReplaceBehavior [ RunTime:0.000000s ]
INFO: [ template_filter ] --END-- [ RunTime:0.000000s ]
INFO: Run Behavior\ParseTemplateBehavior [ RunTime:0.011001s ]
INFO: [ view_parse ] --END-- [ RunTime:0.011001s ]
INFO: [ view_filter ] --START--
INFO: Run Behavior\WriteHtmlCacheBehavior [ RunTime:0.000000s ]
INFO: [ view_filter ] --END-- [ RunTime:0.000000s ]
INFO: [ app_end ] --START--
INFO: Run Behavior\ShowPageTraceBehavior [ RunTime:0.000000s ]
INFO: [ app_end ] --END-- [ RunTime:0.000000s ]

[ 2019-01-28T18:30:05+08:00 ] ::1 /blog/index.php/Home/Article/index/id/21
INFO: [ app_init ] --START--
INFO: Run Behavior\BuildLiteBehavior [ RunTime:0.000000s ]
INFO: [ app_init ] --END-- [ RunTime:0.000000s ]
INFO: [ app_begin ] --START--
INFO: Run Behavior\ReadHtmlCacheBehavior [ RunTime:0.000000s ]
INFO: [ app_begin ] --END-- [ RunTime:0.001000s ]
SQL: SHOW COLUMNS FROM `blog_column` [ RunTime:0.0010s ]
SQL: SELECT * FROM `blog_column` ORDER BY sort desc  [ RunTime:0.0010s ]
SQL: SHOW COLUMNS FROM `blog_article` [ RunTime:0.0010s ]
SQL: SELECT * FROM `blog_article`  [ RunTime:0.0020s ]
SQL: SHOW COLUMNS FROM `blog_link` [ RunTime:0.0010s ]
SQL: SELECT * FROM `blog_link`  [ RunTime:0.0000s ]
SQL: SHOW COLUMNS FROM `blog_article` [ RunTime:0.0010s ]
SQL: SHOW COLUMNS FROM `blog_column` [ RunTime:0.0010s ]
SQL: SELECT Article.id AS id,Article.title AS title,Article.desc AS article_desc,Article.pic AS pic,Article.content AS content,Article.time AS time,TheColumn.column_name AS column_name FROM blog_article Article LEFT JOIN blog_column TheColumn ON Article.column_id=TheColumn.id WHERE Article.id = '21' LIMIT 1   [ RunTime:0.0000s ]
INFO: [ view_parse ] --START--
INFO: [ template_filter ] --START--
INFO: Run Behavior\ContentReplaceBehavior [ RunTime:0.000000s ]
INFO: [ template_filter ] --END-- [ RunTime:0.000000s ]
INFO: Run Behavior\ParseTemplateBehavior [ RunTime:0.006000s ]
INFO: [ view_parse ] --END-- [ RunTime:0.006000s ]
INFO: [ view_filter ] --START--
INFO: Run Behavior\WriteHtmlCacheBehavior [ RunTime:0.000000s ]
INFO: [ view_filter ] --END-- [ RunTime:0.000000s ]
INFO: [ app_end ] --START--
INFO: Run Behavior\ShowPageTraceBehavior [ RunTime:0.000000s ]
INFO: [ app_end ] --END-- [ RunTime:0.000000s ]

[ 2019-01-28T18:30:15+08:00 ] ::1 /blog/index.php/Home/Index/index
INFO: [ app_init ] --START--
INFO: Run Behavior\BuildLiteBehavior [ RunTime:0.000000s ]
INFO: [ app_init ] --END-- [ RunTime:0.000000s ]
INFO: [ app_begin ] --START--
INFO: Run Behavior\ReadHtmlCacheBehavior [ RunTime:0.000000s ]
INFO: [ app_begin ] --END-- [ RunTime:0.000000s ]
SQL: SHOW COLUMNS FROM `blog_column` [ RunTime:0.0010s ]
SQL: SELECT * FROM `blog_column` ORDER BY sort desc  [ RunTime:0.0000s ]
SQL: SHOW COLUMNS FROM `blog_article` [ RunTime:0.0000s ]
SQL: SELECT * FROM `blog_article`  [ RunTime:0.0010s ]
SQL: SHOW COLUMNS FROM `blog_link` [ RunTime:0.0010s ]
SQL: SELECT * FROM `blog_link`  [ RunTime:0.0000s ]
SQL: SELECT * FROM `blog_article`  [ RunTime:0.0010s ]
INFO: [ view_parse ] --START--
INFO: [ template_filter ] --START--
INFO: Run Behavior\ContentReplaceBehavior [ RunTime:0.000000s ]
INFO: [ template_filter ] --END-- [ RunTime:0.000000s ]
INFO: Run Behavior\ParseTemplateBehavior [ RunTime:0.008001s ]
INFO: [ view_parse ] --END-- [ RunTime:0.008001s ]
INFO: [ view_filter ] --START--
INFO: Run Behavior\WriteHtmlCacheBehavior [ RunTime:0.000000s ]
INFO: [ view_filter ] --END-- [ RunTime:0.000000s ]
INFO: [ app_end ] --START--
INFO: Run Behavior\ShowPageTraceBehavior [ RunTime:0.000000s ]
INFO: [ app_end ] --END-- [ RunTime:0.000000s ]

[ 2019-01-28T18:30:38+08:00 ] ::1 /blog/index.php/Home/Column/index/id/10
INFO: [ app_init ] --START--
INFO: Run Behavior\BuildLiteBehavior [ RunTime:0.000000s ]
INFO: [ app_init ] --END-- [ RunTime:0.000000s ]
INFO: [ app_begin ] --START--
INFO: Run Behavior\ReadHtmlCacheBehavior [ RunTime:0.000000s ]
INFO: [ app_begin ] --END-- [ RunTime:0.001001s ]
SQL: SHOW COLUMNS FROM `blog_column` [ RunTime:0.0010s ]
SQL: SELECT * FROM `blog_column` ORDER BY sort desc  [ RunTime:0.0000s ]
SQL: SHOW COLUMNS FROM `blog_article` [ RunTime:0.0010s ]
SQL: SELECT * FROM `blog_article`  [ RunTime:0.0010s ]
SQL: SHOW COLUMNS FROM `blog_link` [ RunTime:0.0010s ]
SQL: SELECT * FROM `blog_link`  [ RunTime:0.0010s ]
SQL: SELECT COUNT(*) AS tp_count FROM `blog_article` WHERE `column_id` = 10 LIMIT 1   [ RunTime:0.0000s ]
SQL: SELECT * FROM `blog_article` WHERE `column_id` = 10 ORDER BY time desc LIMIT 0,2   [ RunTime:0.0010s ]
INFO: [ view_parse ] --START--
INFO: [ template_filter ] --START--
INFO: Run Behavior\ContentReplaceBehavior [ RunTime:0.000000s ]
INFO: [ template_filter ] --END-- [ RunTime:0.000000s ]
INFO: Run Behavior\ParseTemplateBehavior [ RunTime:0.007000s ]
INFO: [ view_parse ] --END-- [ RunTime:0.007000s ]
INFO: [ view_filter ] --START--
INFO: Run Behavior\WriteHtmlCacheBehavior [ RunTime:0.001000s ]
INFO: [ view_filter ] --END-- [ RunTime:0.001000s ]
INFO: [ app_end ] --START--
INFO: Run Behavior\ShowPageTraceBehavior [ RunTime:0.000000s ]
INFO: [ app_end ] --END-- [ RunTime:0.000000s ]

[ 2019-01-28T18:31:16+08:00 ] ::1 /blog/index.php/Home/Article/index/id/18
INFO: [ app_init ] --START--
INFO: Run Behavior\BuildLiteBehavior [ RunTime:0.000000s ]
INFO: [ app_init ] --END-- [ RunTime:0.000000s ]
INFO: [ app_begin ] --START--
INFO: Run Behavior\ReadHtmlCacheBehavior [ RunTime:0.000000s ]
INFO: [ app_begin ] --END-- [ RunTime:0.001000s ]
SQL: SHOW COLUMNS FROM `blog_column` [ RunTime:0.0010s ]
SQL: SELECT * FROM `blog_column` ORDER BY sort desc  [ RunTime:0.0020s ]
SQL: SHOW COLUMNS FROM `blog_article` [ RunTime:0.0020s ]
SQL: SELECT * FROM `blog_article`  [ RunTime:0.0030s ]
SQL: SHOW COLUMNS FROM `blog_link` [ RunTime:0.0010s ]
SQL: SELECT * FROM `blog_link`  [ RunTime:0.0010s ]
SQL: SHOW COLUMNS FROM `blog_article` [ RunTime:0.0020s ]
SQL: SHOW COLUMNS FROM `blog_column` [ RunTime:0.0020s ]
SQL: SELECT Article.id AS id,Article.title AS title,Article.desc AS article_desc,Article.pic AS pic,Article.content AS content,Article.time AS time,TheColumn.column_name AS column_name FROM blog_article Article LEFT JOIN blog_column TheColumn ON Article.column_id=TheColumn.id WHERE Article.id = '18' LIMIT 1   [ RunTime:0.0020s ]
INFO: [ view_parse ] --START--
INFO: [ template_filter ] --START--
INFO: Run Behavior\ContentReplaceBehavior [ RunTime:0.000000s ]
INFO: [ template_filter ] --END-- [ RunTime:0.000000s ]
INFO: Run Behavior\ParseTemplateBehavior [ RunTime:0.015001s ]
INFO: [ view_parse ] --END-- [ RunTime:0.015001s ]
INFO: [ view_filter ] --START--
INFO: Run Behavior\WriteHtmlCacheBehavior [ RunTime:0.000000s ]
INFO: [ view_filter ] --END-- [ RunTime:0.000000s ]
INFO: [ app_end ] --START--
INFO: Run Behavior\ShowPageTraceBehavior [ RunTime:0.001000s ]
INFO: [ app_end ] --END-- [ RunTime:0.001000s ]

[ 2019-01-28T18:32:24+08:00 ] ::1 /blog/index.php/Home/Article/index/id/18
INFO: [ app_init ] --START--
INFO: Run Behavior\BuildLiteBehavior [ RunTime:0.000000s ]
INFO: [ app_init ] --END-- [ RunTime:0.001000s ]
INFO: [ app_begin ] --START--
INFO: Run Behavior\ReadHtmlCacheBehavior [ RunTime:0.000000s ]
INFO: [ app_begin ] --END-- [ RunTime:0.000000s ]
SQL: SHOW COLUMNS FROM `blog_column` [ RunTime:0.0020s ]
SQL: SELECT * FROM `blog_column` ORDER BY sort desc  [ RunTime:0.0000s ]
SQL: SHOW COLUMNS FROM `blog_article` [ RunTime:0.0010s ]
SQL: SELECT * FROM `blog_article`  [ RunTime:0.0010s ]
SQL: SHOW COLUMNS FROM `blog_link` [ RunTime:0.0010s ]
SQL: SELECT * FROM `blog_link`  [ RunTime:0.0000s ]
SQL: SHOW COLUMNS FROM `blog_article` [ RunTime:0.0000s ]
SQL: SHOW COLUMNS FROM `blog_column` [ RunTime:0.0010s ]
SQL: SELECT Article.id AS id,Article.title AS title,Article.desc AS article_desc,Article.pic AS pic,Article.content AS content,Article.time AS time,TheColumn.column_name AS column_name FROM blog_article Article LEFT JOIN blog_column TheColumn ON Article.column_id=TheColumn.id WHERE Article.id = '18' LIMIT 1   [ RunTime:0.0010s ]
INFO: [ view_parse ] --START--
INFO: [ template_filter ] --START--
INFO: Run Behavior\ContentReplaceBehavior [ RunTime:0.000000s ]
INFO: [ template_filter ] --END-- [ RunTime:0.000000s ]
INFO: Run Behavior\ParseTemplateBehavior [ RunTime:0.008001s ]
INFO: [ view_parse ] --END-- [ RunTime:0.008001s ]
INFO: [ view_filter ] --START--
INFO: Run Behavior\WriteHtmlCacheBehavior [ RunTime:0.000000s ]
INFO: [ view_filter ] --END-- [ RunTime:0.000000s ]
INFO: [ app_end ] --START--
INFO: Run Behavior\ShowPageTraceBehavior [ RunTime:0.000000s ]
INFO: [ app_end ] --END-- [ RunTime:0.000000s ]

[ 2019-01-28T18:32:28+08:00 ] ::1 /blog/index.php/Home/Article/index/id/18
INFO: [ app_init ] --START--
INFO: Run Behavior\BuildLiteBehavior [ RunTime:0.000000s ]
INFO: [ app_init ] --END-- [ RunTime:0.000000s ]
INFO: [ app_begin ] --START--
INFO: Run Behavior\ReadHtmlCacheBehavior [ RunTime:0.000000s ]
INFO: [ app_begin ] --END-- [ RunTime:0.000000s ]
SQL: SHOW COLUMNS FROM `blog_column` [ RunTime:0.0010s ]
SQL: SELECT * FROM `blog_column` ORDER BY sort desc  [ RunTime:0.0010s ]
SQL: SHOW COLUMNS FROM `blog_article` [ RunTime:0.0010s ]
SQL: SELECT * FROM `blog_article`  [ RunTime:0.0010s ]
SQL: SHOW COLUMNS FROM `blog_link` [ RunTime:0.0010s ]
SQL: SELECT * FROM `blog_link`  [ RunTime:0.0000s ]
SQL: SHOW COLUMNS FROM `blog_article` [ RunTime:0.0000s ]
SQL: SHOW COLUMNS FROM `blog_column` [ RunTime:0.0000s ]
SQL: SELECT Article.id AS id,Article.title AS title,Article.desc AS article_desc,Article.pic AS pic,Article.content AS content,Article.time AS time,TheColumn.column_name AS column_name FROM blog_article Article LEFT JOIN blog_column TheColumn ON Article.column_id=TheColumn.id WHERE Article.id = '18' LIMIT 1   [ RunTime:0.0010s ]
INFO: [ view_parse ] --START--
INFO: [ template_filter ] --START--
INFO: Run Behavior\ContentReplaceBehavior [ RunTime:0.000000s ]
INFO: [ template_filter ] --END-- [ RunTime:0.000000s ]
INFO: Run Behavior\ParseTemplateBehavior [ RunTime:0.007001s ]
INFO: [ view_parse ] --END-- [ RunTime:0.007001s ]
INFO: [ view_filter ] --START--
INFO: Run Behavior\WriteHtmlCacheBehavior [ RunTime:0.000000s ]
INFO: [ view_filter ] --END-- [ RunTime:0.000000s ]
INFO: [ app_end ] --START--
INFO: Run Behavior\ShowPageTraceBehavior [ RunTime:0.000000s ]
INFO: [ app_end ] --END-- [ RunTime:0.000000s ]

[ 2019-01-28T18:32:30+08:00 ] ::1 /blog/index.php/Home/Article/index/id/18
INFO: [ app_init ] --START--
INFO: Run Behavior\BuildLiteBehavior [ RunTime:0.000000s ]
INFO: [ app_init ] --END-- [ RunTime:0.000000s ]
INFO: [ app_begin ] --START--
INFO: Run Behavior\ReadHtmlCacheBehavior [ RunTime:0.000000s ]
INFO: [ app_begin ] --END-- [ RunTime:0.000000s ]
SQL: SHOW COLUMNS FROM `blog_column` [ RunTime:0.0010s ]
SQL: SELECT * FROM `blog_column` ORDER BY sort desc  [ RunTime:0.0010s ]
SQL: SHOW COLUMNS FROM `blog_article` [ RunTime:0.0010s ]
SQL: SELECT * FROM `blog_article`  [ RunTime:0.0020s ]
SQL: SHOW COLUMNS FROM `blog_link` [ RunTime:0.0010s ]
SQL: SELECT * FROM `blog_link`  [ RunTime:0.0010s ]
SQL: SHOW COLUMNS FROM `blog_article` [ RunTime:0.0010s ]
SQL: SHOW COLUMNS FROM `blog_column` [ RunTime:0.0020s ]
SQL: SELECT Article.id AS id,Article.title AS title,Article.desc AS article_desc,Article.pic AS pic,Article.content AS content,Article.time AS time,TheColumn.column_name AS column_name FROM blog_article Article LEFT JOIN blog_column TheColumn ON Article.column_id=TheColumn.id WHERE Article.id = '18' LIMIT 1   [ RunTime:0.0000s ]
INFO: [ view_parse ] --START--
INFO: [ template_filter ] --START--
INFO: Run Behavior\ContentReplaceBehavior [ RunTime:0.000000s ]
INFO: [ template_filter ] --END-- [ RunTime:0.000000s ]
INFO: Run Behavior\ParseTemplateBehavior [ RunTime:0.007001s ]
INFO: [ view_parse ] --END-- [ RunTime:0.007001s ]
INFO: [ view_filter ] --START--
INFO: Run Behavior\WriteHtmlCacheBehavior [ RunTime:0.000000s ]
INFO: [ view_filter ] --END-- [ RunTime:0.000000s ]
INFO: [ app_end ] --START--
INFO: Run Behavior\ShowPageTraceBehavior [ RunTime:0.000000s ]
INFO: [ app_end ] --END-- [ RunTime:0.000000s ]

[ 2019-01-28T18:32:32+08:00 ] ::1 /blog/index.php/Home/Article/index/id/18
INFO: [ app_init ] --START--
INFO: Run Behavior\BuildLiteBehavior [ RunTime:0.000000s ]
INFO: [ app_init ] --END-- [ RunTime:0.001000s ]
INFO: [ app_begin ] --START--
INFO: Run Behavior\ReadHtmlCacheBehavior [ RunTime:0.000000s ]
INFO: [ app_begin ] --END-- [ RunTime:0.000000s ]
SQL: SHOW COLUMNS FROM `blog_column` [ RunTime:0.0000s ]
SQL: SELECT * FROM `blog_column` ORDER BY sort desc  [ RunTime:0.0000s ]
SQL: SHOW COLUMNS FROM `blog_article` [ RunTime:0.0010s ]
SQL: SELECT * FROM `blog_article`  [ RunTime:0.0010s ]
SQL: SHOW COLUMNS FROM `blog_link` [ RunTime:0.0020s ]
SQL: SELECT * FROM `blog_link`  [ RunTime:0.0010s ]
SQL: SHOW COLUMNS FROM `blog_article` [ RunTime:0.0010s ]
SQL: SHOW COLUMNS FROM `blog_column` [ RunTime:0.0020s ]
SQL: SELECT Article.id AS id,Article.title AS title,Article.desc AS article_desc,Article.pic AS pic,Article.content AS content,Article.time AS time,TheColumn.column_name AS column_name FROM blog_article Article LEFT JOIN blog_column TheColumn ON Article.column_id=TheColumn.id WHERE Article.id = '18' LIMIT 1   [ RunTime:0.0000s ]
INFO: [ view_parse ] --START--
INFO: [ template_filter ] --START--
INFO: Run Behavior\ContentReplaceBehavior [ RunTime:0.000000s ]
INFO: [ template_filter ] --END-- [ RunTime:0.000000s ]
INFO: Run Behavior\ParseTemplateBehavior [ RunTime:0.008001s ]
INFO: [ view_parse ] --END-- [ RunTime:0.009001s ]
INFO: [ view_filter ] --START--
INFO: Run Behavior\WriteHtmlCacheBehavior [ RunTime:0.000000s ]
INFO: [ view_filter ] --END-- [ RunTime:0.000000s ]
INFO: [ app_end ] --START--
INFO: Run Behavior\ShowPageTraceBehavior [ RunTime:0.000000s ]
INFO: [ app_end ] --END-- [ RunTime:0.000000s ]

[ 2019-01-28T18:32:33+08:00 ] ::1 /blog/index.php/Home/Article/index/id/18
INFO: [ app_init ] --START--
INFO: Run Behavior\BuildLiteBehavior [ RunTime:0.000000s ]
INFO: [ app_init ] --END-- [ RunTime:0.000000s ]
INFO: [ app_begin ] --START--
INFO: Run Behavior\ReadHtmlCacheBehavior [ RunTime:0.000000s ]
INFO: [ app_begin ] --END-- [ RunTime:0.000000s ]
SQL: SHOW COLUMNS FROM `blog_column` [ RunTime:0.0010s ]
SQL: SELECT * FROM `blog_column` ORDER BY sort desc  [ RunTime:0.0000s ]
SQL: SHOW COLUMNS FROM `blog_article` [ RunTime:0.0010s ]
SQL: SELECT * FROM `blog_article`  [ RunTime:0.0020s ]
SQL: SHOW COLUMNS FROM `blog_link` [ RunTime:0.0000s ]
SQL: SELECT * FROM `blog_link`  [ RunTime:0.0020s ]
SQL: SHOW COLUMNS FROM `blog_article` [ RunTime:0.0010s ]
SQL: SHOW COLUMNS FROM `blog_column` [ RunTime:0.0010s ]
SQL: SELECT Article.id AS id,Article.title AS title,Article.desc AS article_desc,Article.pic AS pic,Article.content AS content,Article.time AS time,TheColumn.column_name AS column_name FROM blog_article Article LEFT JOIN blog_column TheColumn ON Article.column_id=TheColumn.id WHERE Article.id = '18' LIMIT 1   [ RunTime:0.0010s ]
INFO: [ view_parse ] --START--
INFO: [ template_filter ] --START--
INFO: Run Behavior\ContentReplaceBehavior [ RunTime:0.000000s ]
INFO: [ template_filter ] --END-- [ RunTime:0.000000s ]
INFO: Run Behavior\ParseTemplateBehavior [ RunTime:0.006001s ]
INFO: [ view_parse ] --END-- [ RunTime:0.006001s ]
INFO: [ view_filter ] --START--
INFO: Run Behavior\WriteHtmlCacheBehavior [ RunTime:0.000000s ]
INFO: [ view_filter ] --END-- [ RunTime:0.000000s ]
INFO: [ app_end ] --START--
INFO: Run Behavior\ShowPageTraceBehavior [ RunTime:0.001000s ]
INFO: [ app_end ] --END-- [ RunTime:0.001000s ]

[ 2019-01-28T18:33:10+08:00 ] ::1 /blog/index.php/Home/Article/index/id/18
INFO: [ app_init ] --START--
INFO: Run Behavior\BuildLiteBehavior [ RunTime:0.000000s ]
INFO: [ app_init ] --END-- [ RunTime:0.000000s ]
INFO: [ app_begin ] --START--
INFO: Run Behavior\ReadHtmlCacheBehavior [ RunTime:0.000000s ]
INFO: [ app_begin ] --END-- [ RunTime:0.000000s ]
SQL: SHOW COLUMNS FROM `blog_column` [ RunTime:0.0010s ]
SQL: SELECT * FROM `blog_column` ORDER BY sort desc  [ RunTime:0.0000s ]
SQL: SHOW COLUMNS FROM `blog_article` [ RunTime:0.0010s ]
SQL: SELECT * FROM `blog_article`  [ RunTime:0.0020s ]
SQL: SHOW COLUMNS FROM `blog_link` [ RunTime:0.0010s ]
SQL: SELECT * FROM `blog_link`  [ RunTime:0.0000s ]
SQL: SHOW COLUMNS FROM `blog_article` [ RunTime:0.0010s ]
SQL: SHOW COLUMNS FROM `blog_column` [ RunTime:0.0010s ]
SQL: SELECT Article.id AS id,Article.title AS title,Article.desc AS article_desc,Article.pic AS pic,Article.content AS content,Article.time AS time,TheColumn.column_name AS column_name FROM blog_article Article LEFT JOIN blog_column TheColumn ON Article.column_id=TheColumn.id WHERE Article.id = '18' LIMIT 1   [ RunTime:0.0010s ]
INFO: [ view_parse ] --START--
INFO: [ template_filter ] --START--
INFO: Run Behavior\ContentReplaceBehavior [ RunTime:0.000000s ]
INFO: [ template_filter ] --END-- [ RunTime:0.001000s ]
INFO: Run Behavior\ParseTemplateBehavior [ RunTime:0.007001s ]
INFO: [ view_parse ] --END-- [ RunTime:0.007001s ]
INFO: [ view_filter ] --START--
INFO: Run Behavior\WriteHtmlCacheBehavior [ RunTime:0.001000s ]
INFO: [ view_filter ] --END-- [ RunTime:0.001000s ]
INFO: [ app_end ] --START--
INFO: Run Behavior\ShowPageTraceBehavior [ RunTime:0.001000s ]
INFO: [ app_end ] --END-- [ RunTime:0.001000s ]

[ 2019-01-28T18:33:13+08:00 ] ::1 /blog/index.php/Home/Index/index
INFO: [ app_init ] --START--
INFO: Run Behavior\BuildLiteBehavior [ RunTime:0.000000s ]
INFO: [ app_init ] --END-- [ RunTime:0.001000s ]
INFO: [ app_begin ] --START--
INFO: Run Behavior\ReadHtmlCacheBehavior [ RunTime:0.000000s ]
INFO: [ app_begin ] --END-- [ RunTime:0.000000s ]
SQL: SHOW COLUMNS FROM `blog_column` [ RunTime:0.0010s ]
SQL: SELECT * FROM `blog_column` ORDER BY sort desc  [ RunTime:0.0000s ]
SQL: SHOW COLUMNS FROM `blog_article` [ RunTime:0.0000s ]
SQL: SELECT * FROM `blog_article`  [ RunTime:0.0010s ]
SQL: SHOW COLUMNS FROM `blog_link` [ RunTime:0.0010s ]
SQL: SELECT * FROM `blog_link`  [ RunTime:0.0000s ]
SQL: SELECT * FROM `blog_article`  [ RunTime:0.0010s ]
INFO: [ view_parse ] --START--
INFO: [ template_filter ] --START--
INFO: Run Behavior\ContentReplaceBehavior [ RunTime:0.000000s ]
INFO: [ template_filter ] --END-- [ RunTime:0.000000s ]
INFO: Run Behavior\ParseTemplateBehavior [ RunTime:0.007000s ]
INFO: [ view_parse ] --END-- [ RunTime:0.007000s ]
INFO: [ view_filter ] --START--
INFO: Run Behavior\WriteHtmlCacheBehavior [ RunTime:0.000000s ]
INFO: [ view_filter ] --END-- [ RunTime:0.000000s ]
INFO: [ app_end ] --START--
INFO: Run Behavior\ShowPageTraceBehavior [ RunTime:0.000000s ]
INFO: [ app_end ] --END-- [ RunTime:0.000000s ]

[ 2019-01-28T18:33:14+08:00 ] ::1 /blog/index.php/Home/Column/index/id/10
INFO: [ app_init ] --START--
INFO: Run Behavior\BuildLiteBehavior [ RunTime:0.000000s ]
INFO: [ app_init ] --END-- [ RunTime:0.000000s ]
INFO: [ app_begin ] --START--
INFO: Run Behavior\ReadHtmlCacheBehavior [ RunTime:0.000000s ]
INFO: [ app_begin ] --END-- [ RunTime:0.000000s ]
SQL: SHOW COLUMNS FROM `blog_column` [ RunTime:0.0010s ]
SQL: SELECT * FROM `blog_column` ORDER BY sort desc  [ RunTime:0.0000s ]
SQL: SHOW COLUMNS FROM `blog_article` [ RunTime:0.0010s ]
SQL: SELECT * FROM `blog_article`  [ RunTime:0.0010s ]
SQL: SHOW COLUMNS FROM `blog_link` [ RunTime:0.0010s ]
SQL: SELECT * FROM `blog_link`  [ RunTime:0.0000s ]
SQL: SELECT COUNT(*) AS tp_count FROM `blog_article` WHERE `column_id` = 10 LIMIT 1   [ RunTime:0.0000s ]
SQL: SELECT * FROM `blog_article` WHERE `column_id` = 10 ORDER BY time desc LIMIT 0,2   [ RunTime:0.0000s ]
INFO: [ view_parse ] --START--
INFO: [ template_filter ] --START--
INFO: Run Behavior\ContentReplaceBehavior [ RunTime:0.000000s ]
INFO: [ template_filter ] --END-- [ RunTime:0.000000s ]
INFO: Run Behavior\ParseTemplateBehavior [ RunTime:0.010000s ]
INFO: [ view_parse ] --END-- [ RunTime:0.010000s ]
INFO: [ view_filter ] --START--
INFO: Run Behavior\WriteHtmlCacheBehavior [ RunTime:0.000000s ]
INFO: [ view_filter ] --END-- [ RunTime:0.000000s ]
INFO: [ app_end ] --START--
INFO: Run Behavior\ShowPageTraceBehavior [ RunTime:0.000000s ]
INFO: [ app_end ] --END-- [ RunTime:0.000000s ]

[ 2019-01-28T18:33:16+08:00 ] ::1 /blog/index.php/Home/Column/index/id/8
INFO: [ app_init ] --START--
INFO: Run Behavior\BuildLiteBehavior [ RunTime:0.000000s ]
INFO: [ app_init ] --END-- [ RunTime:0.000000s ]
INFO: [ app_begin ] --START--
INFO: Run Behavior\ReadHtmlCacheBehavior [ RunTime:0.000000s ]
INFO: [ app_begin ] --END-- [ RunTime:0.001000s ]
SQL: SHOW COLUMNS FROM `blog_column` [ RunTime:0.0010s ]
SQL: SELECT * FROM `blog_column` ORDER BY sort desc  [ RunTime:0.0010s ]
SQL: SHOW COLUMNS FROM `blog_article` [ RunTime:0.0000s ]
SQL: SELECT * FROM `blog_article`  [ RunTime:0.0010s ]
SQL: SHOW COLUMNS FROM `blog_link` [ RunTime:0.0010s ]
SQL: SELECT * FROM `blog_link`  [ RunTime:0.0000s ]
SQL: SELECT COUNT(*) AS tp_count FROM `blog_article` WHERE `column_id` = 8 LIMIT 1   [ RunTime:0.0000s ]
SQL: SELECT * FROM `blog_article` WHERE `column_id` = 8 ORDER BY time desc LIMIT 0,2   [ RunTime:0.0000s ]
INFO: [ view_parse ] --START--
INFO: [ template_filter ] --START--
INFO: Run Behavior\ContentReplaceBehavior [ RunTime:0.000000s ]
INFO: [ template_filter ] --END-- [ RunTime:0.000000s ]
INFO: Run Behavior\ParseTemplateBehavior [ RunTime:0.008001s ]
INFO: [ view_parse ] --END-- [ RunTime:0.008001s ]
INFO: [ view_filter ] --START--
INFO: Run Behavior\WriteHtmlCacheBehavior [ RunTime:0.001000s ]
INFO: [ view_filter ] --END-- [ RunTime:0.001000s ]
INFO: [ app_end ] --START--
INFO: Run Behavior\ShowPageTraceBehavior [ RunTime:0.000000s ]
INFO: [ app_end ] --END-- [ RunTime:0.000000s ]

[ 2019-01-28T18:33:16+08:00 ] ::1 /blog/index.php/Home/Article/index/id/15
INFO: [ app_init ] --START--
INFO: Run Behavior\BuildLiteBehavior [ RunTime:0.000000s ]
INFO: [ app_init ] --END-- [ RunTime:0.000000s ]
INFO: [ app_begin ] --START--
INFO: Run Behavior\ReadHtmlCacheBehavior [ RunTime:0.000000s ]
INFO: [ app_begin ] --END-- [ RunTime:0.001000s ]
SQL: SHOW COLUMNS FROM `blog_column` [ RunTime:0.0010s ]
SQL: SELECT * FROM `blog_column` ORDER BY sort desc  [ RunTime:0.0000s ]
SQL: SHOW COLUMNS FROM `blog_article` [ RunTime:0.0020s ]
SQL: SELECT * FROM `blog_article`  [ RunTime:0.0020s ]
SQL: SHOW COLUMNS FROM `blog_link` [ RunTime:0.0010s ]
SQL: SELECT * FROM `blog_link`  [ RunTime:0.0010s ]
SQL: SHOW COLUMNS FROM `blog_article` [ RunTime:0.0020s ]
SQL: SHOW COLUMNS FROM `blog_column` [ RunTime:0.0010s ]
SQL: SELECT Article.id AS id,Article.title AS title,Article.desc AS article_desc,Article.pic AS pic,Article.content AS content,Article.time AS time,TheColumn.column_name AS column_name FROM blog_article Article LEFT JOIN blog_column TheColumn ON Article.column_id=TheColumn.id WHERE Article.id = '15' LIMIT 1   [ RunTime:0.0020s ]
INFO: [ view_parse ] --START--
INFO: [ template_filter ] --START--
INFO: Run Behavior\ContentReplaceBehavior [ RunTime:0.000000s ]
INFO: [ template_filter ] --END-- [ RunTime:0.000000s ]
INFO: Run Behavior\ParseTemplateBehavior [ RunTime:0.011001s ]
INFO: [ view_parse ] --END-- [ RunTime:0.011001s ]
INFO: [ view_filter ] --START--
INFO: Run Behavior\WriteHtmlCacheBehavior [ RunTime:0.000000s ]
INFO: [ view_filter ] --END-- [ RunTime:0.000000s ]
INFO: [ app_end ] --START--
INFO: Run Behavior\ShowPageTraceBehavior [ RunTime:0.000000s ]
INFO: [ app_end ] --END-- [ RunTime:0.001000s ]

[ 2019-01-28T18:33:30+08:00 ] ::1 /blog/index.php/Home/Index/index
INFO: [ app_init ] --START--
INFO: Run Behavior\BuildLiteBehavior [ RunTime:0.000000s ]
INFO: [ app_init ] --END-- [ RunTime:0.000000s ]
INFO: [ app_begin ] --START--
INFO: Run Behavior\ReadHtmlCacheBehavior [ RunTime:0.001000s ]
INFO: [ app_begin ] --END-- [ RunTime:0.001000s ]
SQL: SHOW COLUMNS FROM `blog_column` [ RunTime:0.0000s ]
SQL: SELECT * FROM `blog_column` ORDER BY sort desc  [ RunTime:0.0010s ]
SQL: SHOW COLUMNS FROM `blog_article` [ RunTime:0.0010s ]
SQL: SELECT * FROM `blog_article`  [ RunTime:0.0010s ]
SQL: SHOW COLUMNS FROM `blog_link` [ RunTime:0.0010s ]
SQL: SELECT * FROM `blog_link`  [ RunTime:0.0000s ]
SQL: SELECT * FROM `blog_article`  [ RunTime:0.0010s ]
INFO: [ view_parse ] --START--
INFO: [ template_filter ] --START--
INFO: Run Behavior\ContentReplaceBehavior [ RunTime:0.000000s ]
INFO: [ template_filter ] --END-- [ RunTime:0.001000s ]
INFO: Run Behavior\ParseTemplateBehavior [ RunTime:0.011001s ]
INFO: [ view_parse ] --END-- [ RunTime:0.011001s ]
INFO: [ view_filter ] --START--
INFO: Run Behavior\WriteHtmlCacheBehavior [ RunTime:0.000000s ]
INFO: [ view_filter ] --END-- [ RunTime:0.000000s ]
INFO: [ app_end ] --START--
INFO: Run Behavior\ShowPageTraceBehavior [ RunTime:0.000000s ]
INFO: [ app_end ] --END-- [ RunTime:0.001000s ]

[ 2019-01-28T18:43:36+08:00 ] ::1 /blog/index.php/Home/Index/index
INFO: [ app_init ] --START--
INFO: Run Behavior\BuildLiteBehavior [ RunTime:0.000000s ]
INFO: [ app_init ] --END-- [ RunTime:0.001000s ]
INFO: [ app_begin ] --START--
INFO: Run Behavior\ReadHtmlCacheBehavior [ RunTime:0.001000s ]
INFO: [ app_begin ] --END-- [ RunTime:0.001000s ]
SQL: SHOW COLUMNS FROM `blog_column` [ RunTime:0.0010s ]
SQL: SELECT * FROM `blog_column` ORDER BY sort desc  [ RunTime:0.0010s ]
SQL: SHOW COLUMNS FROM `blog_article` [ RunTime:0.0010s ]
SQL: SELECT * FROM `blog_article`  [ RunTime:0.0010s ]
SQL: SHOW COLUMNS FROM `blog_link` [ RunTime:0.0010s ]
SQL: SELECT * FROM `blog_link`  [ RunTime:0.0000s ]
SQL: SELECT * FROM `blog_article`  [ RunTime:0.0020s ]
INFO: [ view_parse ] --START--
INFO: [ template_filter ] --START--
INFO: Run Behavior\ContentReplaceBehavior [ RunTime:0.000000s ]
INFO: [ template_filter ] --END-- [ RunTime:0.000000s ]
INFO: Run Behavior\ParseTemplateBehavior [ RunTime:0.012001s ]
INFO: [ view_parse ] --END-- [ RunTime:0.013001s ]
INFO: [ view_filter ] --START--
INFO: Run Behavior\WriteHtmlCacheBehavior [ RunTime:0.000000s ]
INFO: [ view_filter ] --END-- [ RunTime:0.000000s ]
INFO: [ app_end ] --START--
INFO: Run Behavior\ShowPageTraceBehavior [ RunTime:0.001000s ]
INFO: [ app_end ] --END-- [ RunTime:0.002000s ]

[ 2019-01-28T18:46:15+08:00 ] ::1 /blog/index.php/Home/Index/index
INFO: [ app_init ] --START--
INFO: Run Behavior\BuildLiteBehavior [ RunTime:0.000000s ]
INFO: [ app_init ] --END-- [ RunTime:0.001000s ]
INFO: [ app_begin ] --START--
INFO: Run Behavior\ReadHtmlCacheBehavior [ RunTime:0.001000s ]
INFO: [ app_begin ] --END-- [ RunTime:0.001000s ]
SQL: SHOW COLUMNS FROM `blog_column` [ RunTime:0.0010s ]
SQL: SELECT * FROM `blog_column` ORDER BY sort desc  [ RunTime:0.0010s ]
SQL: SHOW COLUMNS FROM `blog_article` [ RunTime:0.0010s ]
SQL: SELECT * FROM `blog_article`  [ RunTime:0.0030s ]
SQL: SHOW COLUMNS FROM `blog_link` [ RunTime:0.0010s ]
SQL: SELECT * FROM `blog_link`  [ RunTime:0.0010s ]
SQL: SELECT * FROM `blog_article`  [ RunTime:0.0010s ]
INFO: [ view_parse ] --START--
INFO: [ template_filter ] --START--
INFO: Run Behavior\ContentReplaceBehavior [ RunTime:0.000000s ]
INFO: [ template_filter ] --END-- [ RunTime:0.000000s ]
INFO: Run Behavior\ParseTemplateBehavior [ RunTime:0.009000s ]
INFO: [ view_parse ] --END-- [ RunTime:0.009000s ]
INFO: [ view_filter ] --START--
INFO: Run Behavior\WriteHtmlCacheBehavior [ RunTime:0.000000s ]
INFO: [ view_filter ] --END-- [ RunTime:0.000000s ]
INFO: [ app_end ] --START--
INFO: Run Behavior\ShowPageTraceBehavior [ RunTime:0.000000s ]
INFO: [ app_end ] --END-- [ RunTime:0.000000s ]

[ 2019-01-28T18:46:52+08:00 ] ::1 /blog/index.php/Home/Index/index
INFO: [ app_init ] --START--
INFO: Run Behavior\BuildLiteBehavior [ RunTime:0.000000s ]
INFO: [ app_init ] --END-- [ RunTime:0.001000s ]
INFO: [ app_begin ] --START--
INFO: Run Behavior\ReadHtmlCacheBehavior [ RunTime:0.000000s ]
INFO: [ app_begin ] --END-- [ RunTime:0.001000s ]
SQL: SHOW COLUMNS FROM `blog_column` [ RunTime:0.0010s ]
SQL: SELECT * FROM `blog_column` ORDER BY sort desc  [ RunTime:0.0000s ]
SQL: SHOW COLUMNS FROM `blog_article` [ RunTime:0.0010s ]
SQL: SELECT * FROM `blog_article`  [ RunTime:0.0020s ]
SQL: SHOW COLUMNS FROM `blog_link` [ RunTime:0.0000s ]
SQL: SELECT * FROM `blog_link`  [ RunTime:0.0000s ]
SQL: SELECT * FROM `blog_article`  [ RunTime:0.0010s ]
INFO: [ view_parse ] --START--
INFO: [ template_filter ] --START--
INFO: Run Behavior\ContentReplaceBehavior [ RunTime:0.000000s ]
INFO: [ template_filter ] --END-- [ RunTime:0.000000s ]
INFO: Run Behavior\ParseTemplateBehavior [ RunTime:0.007000s ]
INFO: [ view_parse ] --END-- [ RunTime:0.007000s ]
INFO: [ view_filter ] --START--
INFO: Run Behavior\WriteHtmlCacheBehavior [ RunTime:0.000000s ]
INFO: [ view_filter ] --END-- [ RunTime:0.000000s ]
INFO: [ app_end ] --START--
INFO: Run Behavior\ShowPageTraceBehavior [ RunTime:0.000000s ]
INFO: [ app_end ] --END-- [ RunTime:0.000000s ]

[ 2019-01-28T18:47:04+08:00 ] ::1 /blog/index.php/Home/Index/index
INFO: [ app_init ] --START--
INFO: Run Behavior\BuildLiteBehavior [ RunTime:0.001000s ]
INFO: [ app_init ] --END-- [ RunTime:0.001000s ]
INFO: [ app_begin ] --START--
INFO: Run Behavior\ReadHtmlCacheBehavior [ RunTime:0.001000s ]
INFO: [ app_begin ] --END-- [ RunTime:0.001000s ]
SQL: SHOW COLUMNS FROM `blog_column` [ RunTime:0.0010s ]
SQL: SELECT * FROM `blog_column` ORDER BY sort desc  [ RunTime:0.0000s ]
SQL: SHOW COLUMNS FROM `blog_article` [ RunTime:0.0010s ]
SQL: SELECT * FROM `blog_article`  [ RunTime:0.0010s ]
SQL: SHOW COLUMNS FROM `blog_link` [ RunTime:0.0010s ]
SQL: SELECT * FROM `blog_link`  [ RunTime:0.0000s ]
SQL: SELECT * FROM `blog_article`  [ RunTime:0.0010s ]
INFO: [ view_parse ] --START--
INFO: [ template_filter ] --START--
INFO: Run Behavior\ContentReplaceBehavior [ RunTime:0.000000s ]
INFO: [ template_filter ] --END-- [ RunTime:0.000000s ]
INFO: Run Behavior\ParseTemplateBehavior [ RunTime:0.006000s ]
INFO: [ view_parse ] --END-- [ RunTime:0.006000s ]
INFO: [ view_filter ] --START--
INFO: Run Behavior\WriteHtmlCacheBehavior [ RunTime:0.000000s ]
INFO: [ view_filter ] --END-- [ RunTime:0.000000s ]
INFO: [ app_end ] --START--
INFO: Run Behavior\ShowPageTraceBehavior [ RunTime:0.001000s ]
INFO: [ app_end ] --END-- [ RunTime:0.001000s ]

[ 2019-01-28T18:47:26+08:00 ] ::1 /blog/index.php/Home/Index/index
INFO: [ app_init ] --START--
INFO: Run Behavior\BuildLiteBehavior [ RunTime:0.000000s ]
INFO: [ app_init ] --END-- [ RunTime:0.000000s ]
INFO: [ app_begin ] --START--
INFO: Run Behavior\ReadHtmlCacheBehavior [ RunTime:0.000000s ]
INFO: [ app_begin ] --END-- [ RunTime:0.000000s ]
SQL: SHOW COLUMNS FROM `blog_column` [ RunTime:0.0000s ]
SQL: SELECT * FROM `blog_column` ORDER BY sort desc  [ RunTime:0.0000s ]
SQL: SHOW COLUMNS FROM `blog_article` [ RunTime:0.0000s ]
SQL: SELECT * FROM `blog_article`  [ RunTime:0.0040s ]
SQL: SHOW COLUMNS FROM `blog_link` [ RunTime:0.0000s ]
SQL: SELECT * FROM `blog_link`  [ RunTime:0.0000s ]
SQL: SELECT * FROM `blog_article`  [ RunTime:0.0010s ]
INFO: [ view_parse ] --START--
INFO: [ template_filter ] --START--
INFO: Run Behavior\ContentReplaceBehavior [ RunTime:0.000000s ]
INFO: [ template_filter ] --END-- [ RunTime:0.000000s ]
INFO: Run Behavior\ParseTemplateBehavior [ RunTime:0.006000s ]
INFO: [ view_parse ] --END-- [ RunTime:0.006000s ]
INFO: [ view_filter ] --START--
INFO: Run Behavior\WriteHtmlCacheBehavior [ RunTime:0.000000s ]
INFO: [ view_filter ] --END-- [ RunTime:0.000000s ]
INFO: [ app_end ] --START--
INFO: Run Behavior\ShowPageTraceBehavior [ RunTime:0.000000s ]
INFO: [ app_end ] --END-- [ RunTime:0.001000s ]

[ 2019-01-28T18:48:42+08:00 ] ::1 /blog/index.php/Home/Index/index
INFO: [ app_init ] --START--
INFO: Run Behavior\BuildLiteBehavior [ RunTime:0.000000s ]
INFO: [ app_init ] --END-- [ RunTime:0.000000s ]
INFO: [ app_begin ] --START--
INFO: Run Behavior\ReadHtmlCacheBehavior [ RunTime:0.001000s ]
INFO: [ app_begin ] --END-- [ RunTime:0.001000s ]
SQL: SHOW COLUMNS FROM `blog_column` [ RunTime:0.0020s ]
SQL: SELECT * FROM `blog_column` ORDER BY sort desc  [ RunTime:0.0000s ]
SQL: SHOW COLUMNS FROM `blog_article` [ RunTime:0.0010s ]
SQL: SELECT * FROM `blog_article`  [ RunTime:0.0010s ]
SQL: SHOW COLUMNS FROM `blog_link` [ RunTime:0.0010s ]
SQL: SELECT * FROM `blog_link`  [ RunTime:0.0000s ]
SQL: SELECT * FROM `blog_article`  [ RunTime:0.0010s ]
INFO: [ view_parse ] --START--
INFO: [ template_filter ] --START--
INFO: Run Behavior\ContentReplaceBehavior [ RunTime:0.000000s ]
INFO: [ template_filter ] --END-- [ RunTime:0.000000s ]
INFO: Run Behavior\ParseTemplateBehavior [ RunTime:0.008000s ]
INFO: [ view_parse ] --END-- [ RunTime:0.008000s ]
INFO: [ view_filter ] --START--
INFO: Run Behavior\WriteHtmlCacheBehavior [ RunTime:0.001000s ]
INFO: [ view_filter ] --END-- [ RunTime:0.001000s ]
INFO: [ app_end ] --START--
INFO: Run Behavior\ShowPageTraceBehavior [ RunTime:0.000000s ]
INFO: [ app_end ] --END-- [ RunTime:0.001000s ]

[ 2019-01-28T18:48:50+08:00 ] ::1 /blog/index.php/
INFO: [ app_init ] --START--
INFO: Run Behavior\BuildLiteBehavior [ RunTime:0.000000s ]
INFO: [ app_init ] --END-- [ RunTime:0.001000s ]
INFO: [ app_begin ] --START--
INFO: Run Behavior\ReadHtmlCacheBehavior [ RunTime:0.000000s ]
INFO: [ app_begin ] --END-- [ RunTime:0.001000s ]
SQL: SHOW COLUMNS FROM `blog_column` [ RunTime:0.0010s ]
SQL: SELECT * FROM `blog_column` ORDER BY sort desc  [ RunTime:0.0000s ]
SQL: SHOW COLUMNS FROM `blog_article` [ RunTime:0.0010s ]
SQL: SELECT * FROM `blog_article`  [ RunTime:0.0010s ]
SQL: SHOW COLUMNS FROM `blog_link` [ RunTime:0.0000s ]
SQL: SELECT * FROM `blog_link`  [ RunTime:0.0000s ]
SQL: SELECT * FROM `blog_article`  [ RunTime:0.0010s ]
INFO: [ view_parse ] --START--
INFO: [ template_filter ] --START--
INFO: Run Behavior\ContentReplaceBehavior [ RunTime:0.000000s ]
INFO: [ template_filter ] --END-- [ RunTime:0.000000s ]
INFO: Run Behavior\ParseTemplateBehavior [ RunTime:0.007000s ]
INFO: [ view_parse ] --END-- [ RunTime:0.007000s ]
INFO: [ view_filter ] --START--
INFO: Run Behavior\WriteHtmlCacheBehavior [ RunTime:0.000000s ]
INFO: [ view_filter ] --END-- [ RunTime:0.000000s ]
INFO: [ app_end ] --START--
INFO: Run Behavior\ShowPageTraceBehavior [ RunTime:0.000000s ]
INFO: [ app_end ] --END-- [ RunTime:0.000000s ]

[ 2019-01-28T18:49:09+08:00 ] ::1 /blog/index.php/
INFO: [ app_init ] --START--
INFO: Run Behavior\BuildLiteBehavior [ RunTime:0.000000s ]
INFO: [ app_init ] --END-- [ RunTime:0.000000s ]
INFO: [ app_begin ] --START--
INFO: Run Behavior\ReadHtmlCacheBehavior [ RunTime:0.001000s ]
INFO: [ app_begin ] --END-- [ RunTime:0.001000s ]
SQL: SHOW COLUMNS FROM `blog_column` [ RunTime:0.0000s ]
SQL: SELECT * FROM `blog_column` ORDER BY sort desc  [ RunTime:0.0000s ]
SQL: SHOW COLUMNS FROM `blog_article` [ RunTime:0.0000s ]
SQL: SELECT * FROM `blog_article`  [ RunTime:0.0020s ]
SQL: SHOW COLUMNS FROM `blog_link` [ RunTime:0.0010s ]
SQL: SELECT * FROM `blog_link`  [ RunTime:0.0000s ]
SQL: SELECT * FROM `blog_article`  [ RunTime:0.0010s ]
INFO: [ view_parse ] --START--
INFO: [ template_filter ] --START--
INFO: Run Behavior\ContentReplaceBehavior [ RunTime:0.000000s ]
INFO: [ template_filter ] --END-- [ RunTime:0.000000s ]
INFO: Run Behavior\ParseTemplateBehavior [ RunTime:0.009000s ]
INFO: [ view_parse ] --END-- [ RunTime:0.009000s ]
INFO: [ view_filter ] --START--
INFO: Run Behavior\WriteHtmlCacheBehavior [ RunTime:0.000000s ]
INFO: [ view_filter ] --END-- [ RunTime:0.000000s ]
INFO: [ app_end ] --START--
INFO: Run Behavior\ShowPageTraceBehavior [ RunTime:0.000000s ]
INFO: [ app_end ] --END-- [ RunTime:0.000000s ]

[ 2019-01-28T18:50:34+08:00 ] ::1 /blog/index.php
INFO: [ app_init ] --START--
INFO: Run Behavior\BuildLiteBehavior [ RunTime:0.000000s ]
INFO: [ app_init ] --END-- [ RunTime:0.000000s ]
INFO: [ app_begin ] --START--
INFO: Run Behavior\ReadHtmlCacheBehavior [ RunTime:0.001000s ]
INFO: [ app_begin ] --END-- [ RunTime:0.001000s ]
SQL: SHOW COLUMNS FROM `blog_column` [ RunTime:0.0010s ]
SQL: SELECT * FROM `blog_column` ORDER BY sort desc  [ RunTime:0.0010s ]
SQL: SHOW COLUMNS FROM `blog_article` [ RunTime:0.0000s ]
SQL: SELECT * FROM `blog_article`  [ RunTime:0.0010s ]
SQL: SHOW COLUMNS FROM `blog_link` [ RunTime:0.0020s ]
SQL: SELECT * FROM `blog_link`  [ RunTime:0.0000s ]
SQL: SELECT * FROM `blog_article`  [ RunTime:0.0120s ]
INFO: [ view_parse ] --START--
INFO: [ template_filter ] --START--
INFO: Run Behavior\ContentReplaceBehavior [ RunTime:0.000000s ]
INFO: [ template_filter ] --END-- [ RunTime:0.000000s ]
INFO: Run Behavior\ParseTemplateBehavior [ RunTime:0.009001s ]
INFO: [ view_parse ] --END-- [ RunTime:0.010001s ]
INFO: [ view_filter ] --START--
INFO: Run Behavior\WriteHtmlCacheBehavior [ RunTime:0.000000s ]
INFO: [ view_filter ] --END-- [ RunTime:0.000000s ]
INFO: [ app_end ] --START--
INFO: Run Behavior\ShowPageTraceBehavior [ RunTime:0.000000s ]
INFO: [ app_end ] --END-- [ RunTime:0.000000s ]

[ 2019-01-28T18:50:42+08:00 ] ::1 /blog/index.php/
INFO: [ app_init ] --START--
INFO: Run Behavior\BuildLiteBehavior [ RunTime:0.000000s ]
INFO: [ app_init ] --END-- [ RunTime:0.000000s ]
INFO: [ app_begin ] --START--
INFO: Run Behavior\ReadHtmlCacheBehavior [ RunTime:0.001000s ]
INFO: [ app_begin ] --END-- [ RunTime:0.001000s ]
SQL: SHOW COLUMNS FROM `blog_column` [ RunTime:0.0010s ]
SQL: SELECT * FROM `blog_column` ORDER BY sort desc  [ RunTime:0.0010s ]
SQL: SHOW COLUMNS FROM `blog_article` [ RunTime:0.0010s ]
SQL: SELECT * FROM `blog_article`  [ RunTime:0.0010s ]
SQL: SHOW COLUMNS FROM `blog_link` [ RunTime:0.0010s ]
SQL: SELECT * FROM `blog_link`  [ RunTime:0.0010s ]
SQL: SELECT * FROM `blog_article`  [ RunTime:0.0010s ]
INFO: [ view_parse ] --START--
INFO: [ template_filter ] --START--
INFO: Run Behavior\ContentReplaceBehavior [ RunTime:0.000000s ]
INFO: [ template_filter ] --END-- [ RunTime:0.000000s ]
INFO: Run Behavior\ParseTemplateBehavior [ RunTime:0.008001s ]
INFO: [ view_parse ] --END-- [ RunTime:0.008001s ]
INFO: [ view_filter ] --START--
INFO: Run Behavior\WriteHtmlCacheBehavior [ RunTime:0.000000s ]
INFO: [ view_filter ] --END-- [ RunTime:0.000000s ]
INFO: [ app_end ] --START--
INFO: Run Behavior\ShowPageTraceBehavior [ RunTime:0.000000s ]
INFO: [ app_end ] --END-- [ RunTime:0.000000s ]

[ 2019-01-28T18:51:05+08:00 ] ::1 /blog/index.php/
INFO: [ app_init ] --START--
INFO: Run Behavior\BuildLiteBehavior [ RunTime:0.000000s ]
INFO: [ app_init ] --END-- [ RunTime:0.000000s ]
INFO: [ app_begin ] --START--
INFO: Run Behavior\ReadHtmlCacheBehavior [ RunTime:0.000000s ]
INFO: [ app_begin ] --END-- [ RunTime:0.000000s ]
SQL: SHOW COLUMNS FROM `blog_column` [ RunTime:0.0010s ]
SQL: SELECT * FROM `blog_column` ORDER BY sort desc  [ RunTime:0.0000s ]
SQL: SHOW COLUMNS FROM `blog_article` [ RunTime:0.0000s ]
SQL: SELECT * FROM `blog_article`  [ RunTime:0.0000s ]
SQL: SHOW COLUMNS FROM `blog_link` [ RunTime:0.0000s ]
SQL: SELECT * FROM `blog_link`  [ RunTime:0.0010s ]
SQL: SELECT * FROM `blog_article`  [ RunTime:0.0020s ]
INFO: [ view_parse ] --START--
INFO: [ template_filter ] --START--
INFO: Run Behavior\ContentReplaceBehavior [ RunTime:0.001000s ]
INFO: [ template_filter ] --END-- [ RunTime:0.001000s ]
INFO: Run Behavior\ParseTemplateBehavior [ RunTime:0.006000s ]
INFO: [ view_parse ] --END-- [ RunTime:0.007000s ]
INFO: [ view_filter ] --START--
INFO: Run Behavior\WriteHtmlCacheBehavior [ RunTime:0.000000s ]
INFO: [ view_filter ] --END-- [ RunTime:0.000000s ]
INFO: [ app_end ] --START--
INFO: Run Behavior\ShowPageTraceBehavior [ RunTime:0.001000s ]
INFO: [ app_end ] --END-- [ RunTime:0.001000s ]

[ 2019-01-28T18:52:16+08:00 ] ::1 /blog/Home/Index/index
INFO: [ app_init ] --START--
INFO: Run Behavior\BuildLiteBehavior [ RunTime:0.000000s ]
INFO: [ app_init ] --END-- [ RunTime:0.000000s ]
INFO: [ app_begin ] --START--
INFO: Run Behavior\ReadHtmlCacheBehavior [ RunTime:0.000000s ]
INFO: [ app_begin ] --END-- [ RunTime:0.000000s ]
SQL: SHOW COLUMNS FROM `blog_column` [ RunTime:0.0000s ]
SQL: SELECT * FROM `blog_column` ORDER BY sort desc  [ RunTime:0.0010s ]
SQL: SHOW COLUMNS FROM `blog_article` [ RunTime:0.0010s ]
SQL: SELECT * FROM `blog_article`  [ RunTime:0.0010s ]
SQL: SHOW COLUMNS FROM `blog_link` [ RunTime:0.0000s ]
SQL: SELECT * FROM `blog_link`  [ RunTime:0.0010s ]
SQL: SELECT * FROM `blog_article`  [ RunTime:0.0010s ]
INFO: [ view_parse ] --START--
INFO: [ template_filter ] --START--
INFO: Run Behavior\ContentReplaceBehavior [ RunTime:0.000000s ]
INFO: [ template_filter ] --END-- [ RunTime:0.000000s ]
INFO: Run Behavior\ParseTemplateBehavior [ RunTime:0.006001s ]
INFO: [ view_parse ] --END-- [ RunTime:0.006001s ]
INFO: [ view_filter ] --START--
INFO: Run Behavior\WriteHtmlCacheBehavior [ RunTime:0.000000s ]
INFO: [ view_filter ] --END-- [ RunTime:0.000000s ]
INFO: [ app_end ] --START--
INFO: Run Behavior\ShowPageTraceBehavior [ RunTime:0.000000s ]
INFO: [ app_end ] --END-- [ RunTime:0.000000s ]

[ 2019-01-28T18:52:23+08:00 ] ::1 /blog/Home/Index/index
INFO: [ app_init ] --START--
INFO: Run Behavior\BuildLiteBehavior [ RunTime:0.001000s ]
INFO: [ app_init ] --END-- [ RunTime:0.001000s ]
INFO: [ app_begin ] --START--
INFO: Run Behavior\ReadHtmlCacheBehavior [ RunTime:0.000000s ]
INFO: [ app_begin ] --END-- [ RunTime:0.001000s ]
SQL: SHOW COLUMNS FROM `blog_column` [ RunTime:0.0000s ]
SQL: SELECT * FROM `blog_column` ORDER BY sort desc  [ RunTime:0.0000s ]
SQL: SHOW COLUMNS FROM `blog_article` [ RunTime:0.0010s ]
SQL: SELECT * FROM `blog_article`  [ RunTime:0.0020s ]
SQL: SHOW COLUMNS FROM `blog_link` [ RunTime:0.0010s ]
SQL: SELECT * FROM `blog_link`  [ RunTime:0.0000s ]
SQL: SELECT * FROM `blog_article`  [ RunTime:0.0010s ]
INFO: [ view_parse ] --START--
INFO: [ template_filter ] --START--
INFO: Run Behavior\ContentReplaceBehavior [ RunTime:0.000000s ]
INFO: [ template_filter ] --END-- [ RunTime:0.000000s ]
INFO: Run Behavior\ParseTemplateBehavior [ RunTime:0.006000s ]
INFO: [ view_parse ] --END-- [ RunTime:0.006000s ]
INFO: [ view_filter ] --START--
INFO: Run Behavior\WriteHtmlCacheBehavior [ RunTime:0.000000s ]
INFO: [ view_filter ] --END-- [ RunTime:0.000000s ]
INFO: [ app_end ] --START--
INFO: Run Behavior\ShowPageTraceBehavior [ RunTime:0.001000s ]
INFO: [ app_end ] --END-- [ RunTime:0.001000s ]

[ 2019-01-28T18:52:35+08:00 ] ::1 /blog/index.php/Home/Column/index/id/1
INFO: [ app_init ] --START--
INFO: Run Behavior\BuildLiteBehavior [ RunTime:0.000000s ]
INFO: [ app_init ] --END-- [ RunTime:0.001000s ]
INFO: [ app_begin ] --START--
INFO: Run Behavior\ReadHtmlCacheBehavior [ RunTime:0.000000s ]
INFO: [ app_begin ] --END-- [ RunTime:0.000000s ]
SQL: SHOW COLUMNS FROM `blog_column` [ RunTime:0.0010s ]
SQL: SELECT * FROM `blog_column` ORDER BY sort desc  [ RunTime:0.0000s ]
SQL: SHOW COLUMNS FROM `blog_article` [ RunTime:0.0010s ]
SQL: SELECT * FROM `blog_article`  [ RunTime:0.0030s ]
SQL: SHOW COLUMNS FROM `blog_link` [ RunTime:0.0010s ]
SQL: SELECT * FROM `blog_link`  [ RunTime:0.0000s ]
SQL: SELECT COUNT(*) AS tp_count FROM `blog_article` WHERE `column_id` = 1 LIMIT 1   [ RunTime:0.0000s ]
SQL: SELECT * FROM `blog_article` WHERE `column_id` = 1 ORDER BY time desc LIMIT 0,2   [ RunTime:0.0010s ]
INFO: [ view_parse ] --START--
INFO: [ template_filter ] --START--
INFO: Run Behavior\ContentReplaceBehavior [ RunTime:0.000000s ]
INFO: [ template_filter ] --END-- [ RunTime:0.001000s ]
INFO: Run Behavior\ParseTemplateBehavior [ RunTime:0.009001s ]
INFO: [ view_parse ] --END-- [ RunTime:0.009001s ]
INFO: [ view_filter ] --START--
INFO: Run Behavior\WriteHtmlCacheBehavior [ RunTime:0.000000s ]
INFO: [ view_filter ] --END-- [ RunTime:0.000000s ]
INFO: [ app_end ] --START--
INFO: Run Behavior\ShowPageTraceBehavior [ RunTime:0.001000s ]
INFO: [ app_end ] --END-- [ RunTime:0.001000s ]

[ 2019-01-28T18:52:35+08:00 ] ::1 /blog/index.php/Home/Column/index/id/9
INFO: [ app_init ] --START--
INFO: Run Behavior\BuildLiteBehavior [ RunTime:0.000000s ]
INFO: [ app_init ] --END-- [ RunTime:0.000000s ]
INFO: [ app_begin ] --START--
INFO: Run Behavior\ReadHtmlCacheBehavior [ RunTime:0.000000s ]
INFO: [ app_begin ] --END-- [ RunTime:0.000000s ]
SQL: SHOW COLUMNS FROM `blog_column` [ RunTime:0.0010s ]
SQL: SELECT * FROM `blog_column` ORDER BY sort desc  [ RunTime:0.0010s ]
SQL: SHOW COLUMNS FROM `blog_article` [ RunTime:0.0000s ]
SQL: SELECT * FROM `blog_article`  [ RunTime:0.0020s ]
SQL: SHOW COLUMNS FROM `blog_link` [ RunTime:0.0010s ]
SQL: SELECT * FROM `blog_link`  [ RunTime:0.0000s ]
SQL: SELECT COUNT(*) AS tp_count FROM `blog_article` WHERE `column_id` = 9 LIMIT 1   [ RunTime:0.0010s ]
SQL: SELECT * FROM `blog_article` WHERE `column_id` = 9 ORDER BY time desc LIMIT 0,2   [ RunTime:0.0010s ]
INFO: [ view_parse ] --START--
INFO: [ template_filter ] --START--
INFO: Run Behavior\ContentReplaceBehavior [ RunTime:0.001000s ]
INFO: [ template_filter ] --END-- [ RunTime:0.001000s ]
INFO: Run Behavior\ParseTemplateBehavior [ RunTime:0.011000s ]
INFO: [ view_parse ] --END-- [ RunTime:0.011000s ]
INFO: [ view_filter ] --START--
INFO: Run Behavior\WriteHtmlCacheBehavior [ RunTime:0.000000s ]
INFO: [ view_filter ] --END-- [ RunTime:0.000000s ]
INFO: [ app_end ] --START--
INFO: Run Behavior\ShowPageTraceBehavior [ RunTime:0.001000s ]
INFO: [ app_end ] --END-- [ RunTime:0.001000s ]

[ 2019-01-28T18:52:36+08:00 ] ::1 /blog/index.php/Home/Column/index/id/7
INFO: [ app_init ] --START--
INFO: Run Behavior\BuildLiteBehavior [ RunTime:0.000000s ]
INFO: [ app_init ] --END-- [ RunTime:0.000000s ]
INFO: [ app_begin ] --START--
INFO: Run Behavior\ReadHtmlCacheBehavior [ RunTime:0.000000s ]
INFO: [ app_begin ] --END-- [ RunTime:0.000000s ]
SQL: SHOW COLUMNS FROM `blog_column` [ RunTime:0.0010s ]
SQL: SELECT * FROM `blog_column` ORDER BY sort desc  [ RunTime:0.0010s ]
SQL: SHOW COLUMNS FROM `blog_article` [ RunTime:0.0000s ]
SQL: SELECT * FROM `blog_article`  [ RunTime:0.0010s ]
SQL: SHOW COLUMNS FROM `blog_link` [ RunTime:0.0010s ]
SQL: SELECT * FROM `blog_link`  [ RunTime:0.0010s ]
SQL: SELECT COUNT(*) AS tp_count FROM `blog_article` WHERE `column_id` = 7 LIMIT 1   [ RunTime:0.0010s ]
SQL: SELECT * FROM `blog_article` WHERE `column_id` = 7 ORDER BY time desc LIMIT 0,2   [ RunTime:0.0010s ]
INFO: [ view_parse ] --START--
INFO: [ template_filter ] --START--
INFO: Run Behavior\ContentReplaceBehavior [ RunTime:0.000000s ]
INFO: [ template_filter ] --END-- [ RunTime:0.001000s ]
INFO: Run Behavior\ParseTemplateBehavior [ RunTime:0.010000s ]
INFO: [ view_parse ] --END-- [ RunTime:0.010000s ]
INFO: [ view_filter ] --START--
INFO: Run Behavior\WriteHtmlCacheBehavior [ RunTime:0.001001s ]
INFO: [ view_filter ] --END-- [ RunTime:0.001001s ]
INFO: [ app_end ] --START--
INFO: Run Behavior\ShowPageTraceBehavior [ RunTime:0.000000s ]
INFO: [ app_end ] --END-- [ RunTime:0.000000s ]

[ 2019-01-28T18:52:36+08:00 ] ::1 /blog/index.php/Home/Column/index/id/10
INFO: [ app_init ] --START--
INFO: Run Behavior\BuildLiteBehavior [ RunTime:0.001000s ]
INFO: [ app_init ] --END-- [ RunTime:0.001000s ]
INFO: [ app_begin ] --START--
INFO: Run Behavior\ReadHtmlCacheBehavior [ RunTime:0.001000s ]
INFO: [ app_begin ] --END-- [ RunTime:0.001000s ]
SQL: SHOW COLUMNS FROM `blog_column` [ RunTime:0.0010s ]
SQL: SELECT * FROM `blog_column` ORDER BY sort desc  [ RunTime:0.0010s ]
SQL: SHOW COLUMNS FROM `blog_article` [ RunTime:0.0000s ]
SQL: SELECT * FROM `blog_article`  [ RunTime:0.0020s ]
SQL: SHOW COLUMNS FROM `blog_link` [ RunTime:0.0010s ]
SQL: SELECT * FROM `blog_link`  [ RunTime:0.0010s ]
SQL: SELECT COUNT(*) AS tp_count FROM `blog_article` WHERE `column_id` = 10 LIMIT 1   [ RunTime:0.0000s ]
SQL: SELECT * FROM `blog_article` WHERE `column_id` = 10 ORDER BY time desc LIMIT 0,2   [ RunTime:0.0010s ]
INFO: [ view_parse ] --START--
INFO: [ template_filter ] --START--
INFO: Run Behavior\ContentReplaceBehavior [ RunTime:0.000000s ]
INFO: [ template_filter ] --END-- [ RunTime:0.000000s ]
INFO: Run Behavior\ParseTemplateBehavior [ RunTime:0.014001s ]
INFO: [ view_parse ] --END-- [ RunTime:0.014001s ]
INFO: [ view_filter ] --START--
INFO: Run Behavior\WriteHtmlCacheBehavior [ RunTime:0.000000s ]
INFO: [ view_filter ] --END-- [ RunTime:0.000000s ]
INFO: [ app_end ] --START--
INFO: Run Behavior\ShowPageTraceBehavior [ RunTime:0.000000s ]
INFO: [ app_end ] --END-- [ RunTime:0.000000s ]

[ 2019-01-28T18:52:37+08:00 ] ::1 /blog/index.php/Home/Column/index/id/10
INFO: [ app_init ] --START--
INFO: Run Behavior\BuildLiteBehavior [ RunTime:0.000000s ]
INFO: [ app_init ] --END-- [ RunTime:0.000000s ]
INFO: [ app_begin ] --START--
INFO: Run Behavior\ReadHtmlCacheBehavior [ RunTime:0.000000s ]
INFO: [ app_begin ] --END-- [ RunTime:0.000000s ]
SQL: SHOW COLUMNS FROM `blog_column` [ RunTime:0.0010s ]
SQL: SELECT * FROM `blog_column` ORDER BY sort desc  [ RunTime:0.0000s ]
SQL: SHOW COLUMNS FROM `blog_article` [ RunTime:0.0010s ]
SQL: SELECT * FROM `blog_article`  [ RunTime:0.0010s ]
SQL: SHOW COLUMNS FROM `blog_link` [ RunTime:0.0000s ]
SQL: SELECT * FROM `blog_link`  [ RunTime:0.0000s ]
SQL: SELECT COUNT(*) AS tp_count FROM `blog_article` WHERE `column_id` = 10 LIMIT 1   [ RunTime:0.0000s ]
SQL: SELECT * FROM `blog_article` WHERE `column_id` = 10 ORDER BY time desc LIMIT 0,2   [ RunTime:0.0010s ]
INFO: [ view_parse ] --START--
INFO: [ template_filter ] --START--
INFO: Run Behavior\ContentReplaceBehavior [ RunTime:0.000000s ]
INFO: [ template_filter ] --END-- [ RunTime:0.000000s ]
INFO: Run Behavior\ParseTemplateBehavior [ RunTime:0.006000s ]
INFO: [ view_parse ] --END-- [ RunTime:0.006000s ]
INFO: [ view_filter ] --START--
INFO: Run Behavior\WriteHtmlCacheBehavior [ RunTime:0.001000s ]
INFO: [ view_filter ] --END-- [ RunTime:0.001000s ]
INFO: [ app_end ] --START--
INFO: Run Behavior\ShowPageTraceBehavior [ RunTime:0.000000s ]
INFO: [ app_end ] --END-- [ RunTime:0.000000s ]

[ 2019-01-28T18:52:37+08:00 ] ::1 /blog/index.php/Home/Index/index
INFO: [ app_init ] --START--
INFO: Run Behavior\BuildLiteBehavior [ RunTime:0.000000s ]
INFO: [ app_init ] --END-- [ RunTime:0.000000s ]
INFO: [ app_begin ] --START--
INFO: Run Behavior\ReadHtmlCacheBehavior [ RunTime:0.000000s ]
INFO: [ app_begin ] --END-- [ RunTime:0.000000s ]
SQL: SHOW COLUMNS FROM `blog_column` [ RunTime:0.0010s ]
SQL: SELECT * FROM `blog_column` ORDER BY sort desc  [ RunTime:0.0010s ]
SQL: SHOW COLUMNS FROM `blog_article` [ RunTime:0.0010s ]
SQL: SELECT * FROM `blog_article`  [ RunTime:0.0010s ]
SQL: SHOW COLUMNS FROM `blog_link` [ RunTime:0.0010s ]
SQL: SELECT * FROM `blog_link`  [ RunTime:0.0000s ]
SQL: SELECT * FROM `blog_article`  [ RunTime:0.0010s ]
INFO: [ view_parse ] --START--
INFO: [ template_filter ] --START--
INFO: Run Behavior\ContentReplaceBehavior [ RunTime:0.000000s ]
INFO: [ template_filter ] --END-- [ RunTime:0.000000s ]
INFO: Run Behavior\ParseTemplateBehavior [ RunTime:0.008000s ]
INFO: [ view_parse ] --END-- [ RunTime:0.008000s ]
INFO: [ view_filter ] --START--
INFO: Run Behavior\WriteHtmlCacheBehavior [ RunTime:0.000000s ]
INFO: [ view_filter ] --END-- [ RunTime:0.000000s ]
INFO: [ app_end ] --START--
INFO: Run Behavior\ShowPageTraceBehavior [ RunTime:0.000000s ]
INFO: [ app_end ] --END-- [ RunTime:0.001000s ]

